[2020-09-07 12:58:55,860][1224  ][INFO   ]: Logging has been set up. Control file: C:/Users/rados/projects/Python/FileMover/log/file_mover20200907-125855.log
[2020-09-07 12:58:55,861][1224  ][DEBUG  ]: Calling check_directory() method for C:/Users/rados/projects/Python/FileMover/move_to/.
[2020-09-07 12:58:55,862][1224  ][INFO   ]: Directory C:/Users/rados/projects/Python/FileMover/move_to/ created.
[2020-09-07 12:58:55,863][1224  ][DEBUG  ]: Calling check_directory() method for C:/Users/rados/projects/Python/FileMover/error/.
[2020-09-07 12:58:55,870][1224  ][INFO   ]: Directory C:/Users/rados/projects/Python/FileMover/error/ created.
[2020-09-07 12:58:55,872][1224  ][DEBUG  ]: Calling read_file() method on "MOCK_DATA (1).csv" with delimiter ",".
[2020-09-07 12:58:55,874][1224  ][DEBUG  ]: Calling oracle_insert() method.
[2020-09-07 12:58:56,483][1224  ][INFO   ]: 1 record inserted.
[2020-09-07 12:58:56,488][1224  ][INFO   ]: Moving MOCK_DATA (1).csv to C:/Users/rados/projects/Python/FileMover/move_to/ directory.
[2020-09-07 12:58:57,009][1224  ][INFO   ]: MOCK_DATA (1).csv moved succesfully.
[2020-09-07 12:58:57,516][1224  ][DEBUG  ]: Calling read_file() method on "MOCK_DATA copy.csv" with delimiter ",".
[2020-09-07 12:59:02,490][1224  ][DEBUG  ]: Calling oracle_insert() method.
[2020-09-07 12:59:39,512][1224  ][INFO   ]: 3593604 record inserted.
[2020-09-07 12:59:39,554][1224  ][INFO   ]: Moving MOCK_DATA copy.csv to C:/Users/rados/projects/Python/FileMover/move_to/ directory.
[2020-09-07 12:59:40,072][1224  ][INFO   ]: MOCK_DATA copy.csv moved succesfully.
[2020-09-07 12:59:40,573][1224  ][DEBUG  ]: Calling read_file() method on "MOCK_DATA.csv" with delimiter ",".
[2020-09-07 12:59:40,862][1224  ][DEBUG  ]: Calling oracle_insert() method.
[2020-09-07 12:59:40,906][1224  ][INFO   ]: 20 record inserted.
[2020-09-07 12:59:40,908][1224  ][INFO   ]: Moving MOCK_DATA.csv to C:/Users/rados/projects/Python/FileMover/move_to/ directory.
[2020-09-07 12:59:41,418][1224  ][INFO   ]: MOCK_DATA.csv moved succesfully.
